{
  "stats": {
    "suites": 1,
    "tests": 1,
    "passes": 1,
    "pending": 0,
    "failures": 0,
    "start": "2021-02-09T14:15:07.827Z",
    "end": "2021-02-09T14:15:11.986Z",
    "duration": 4159,
    "testsRegistered": 1,
    "passPercent": 100,
    "pendingPercent": 0,
    "other": 0,
    "hasOther": false,
    "skipped": 0,
    "hasSkipped": false
  },
  "results": [
    {
      "uuid": "c04e81cd-4658-40b0-b55d-3d9cbd79dd55",
      "title": "",
      "fullFile": "cypress/integration/Learn_API_Testing/AmazonTest1.js",
      "file": "cypress/integration/Learn_API_Testing/AmazonTest1.js",
      "beforeHooks": [],
      "afterHooks": [],
      "tests": [],
      "suites": [
        {
          "uuid": "7bcd6d2d-4d16-4292-b6c2-c3fb589b0b96",
          "title": "Amazon page test",
          "fullFile": "",
          "file": "",
          "beforeHooks": [],
          "afterHooks": [],
          "tests": [
            {
              "title": "amazon search test",
              "fullTitle": "Amazon page test amazon search test",
              "timedOut": null,
              "duration": 2495,
              "state": "passed",
              "speed": "slow",
              "pass": true,
              "fail": false,
              "pending": false,
              "context": null,
              "code": "cy.visit('https://www.amazon.in/');\ncy.get('.nav-search-field ').within(function () {\n  cy.get('#twotabsearchtextbox').type('Apple Mac Book');\n});",
              "err": {},
              "uuid": "8377a066-7a68-48b7-8cdb-2f605e3aa225",
              "parentUUID": "7bcd6d2d-4d16-4292-b6c2-c3fb589b0b96",
              "isHook": false,
              "skipped": false
            }
          ],
          "suites": [],
          "passes": [
            "8377a066-7a68-48b7-8cdb-2f605e3aa225"
          ],
          "failures": [],
          "pending": [],
          "skipped": [],
          "duration": 2495,
          "root": false,
          "rootEmpty": false,
          "_timeout": 2000
        }
      ],
      "passes": [],
      "failures": [],
      "pending": [],
      "skipped": [],
      "duration": 0,
      "root": true,
      "rootEmpty": true,
      "_timeout": 2000
    }
  ],
  "meta": {
    "mocha": {
      "version": "7.0.1"
    },
    "mochawesome": {
      "options": {
        "quiet": false,
        "reportFilename": "report",
        "saveHtml": false,
        "saveJson": true,
        "consoleReporter": "spec",
        "useInlineDiffs": false,
        "code": true
      },
      "version": "6.2.1"
    },
    "marge": {
      "options": {
        "reportDir": "cypress/results",
        "reportFilename": "report",
        "overwrite": false,
        "html": false,
        "json": true,
        "charts": true
      },
      "version": "5.1.0"
    }
  }
}