{
  "stats": {
    "suites": 1,
    "tests": 1,
    "passes": 1,
    "pending": 0,
    "failures": 0,
    "start": "2021-02-09T12:26:19.593Z",
    "end": "2021-02-09T12:26:24.524Z",
    "duration": 4931,
    "testsRegistered": 1,
    "passPercent": 100,
    "pendingPercent": 0,
    "other": 0,
    "hasOther": false,
    "skipped": 0,
    "hasSkipped": false
  },
  "results": [
    {
      "uuid": "a0b91e1e-039d-4269-929d-15dea405803f",
      "title": "",
      "fullFile": "cypress/integration/Learn_API_Testing/AmazonTest1.js",
      "file": "cypress/integration/Learn_API_Testing/AmazonTest1.js",
      "beforeHooks": [],
      "afterHooks": [],
      "tests": [],
      "suites": [
        {
          "uuid": "4b75765d-45c5-416d-98ec-f85ddbd51761",
          "title": "Amazon page test",
          "fullFile": "",
          "file": "",
          "beforeHooks": [],
          "afterHooks": [],
          "tests": [
            {
              "title": "amazon search test",
              "fullTitle": "Amazon page test amazon search test",
              "timedOut": null,
              "duration": 2932,
              "state": "passed",
              "speed": "slow",
              "pass": true,
              "fail": false,
              "pending": false,
              "context": null,
              "code": "cy.visit('https://www.amazon.in/');\ncy.get('.nav-search-field ').within(function () {\n  cy.get('#twotabsearchtextbox').type('Apple Mac Book');\n});",
              "err": {},
              "uuid": "a8bbbf79-92e8-48d7-a54a-f79500d630cb",
              "parentUUID": "4b75765d-45c5-416d-98ec-f85ddbd51761",
              "isHook": false,
              "skipped": false
            }
          ],
          "suites": [],
          "passes": [
            "a8bbbf79-92e8-48d7-a54a-f79500d630cb"
          ],
          "failures": [],
          "pending": [],
          "skipped": [],
          "duration": 2932,
          "root": false,
          "rootEmpty": false,
          "_timeout": 2000
        }
      ],
      "passes": [],
      "failures": [],
      "pending": [],
      "skipped": [],
      "duration": 0,
      "root": true,
      "rootEmpty": true,
      "_timeout": 2000
    }
  ],
  "meta": {
    "mocha": {
      "version": "7.0.1"
    },
    "mochawesome": {
      "options": {
        "quiet": false,
        "reportFilename": "report",
        "saveHtml": false,
        "saveJson": true,
        "consoleReporter": "spec",
        "useInlineDiffs": false,
        "code": true
      },
      "version": "6.2.1"
    },
    "marge": {
      "options": {
        "reportDir": "cypress/results",
        "reportFilename": "report",
        "overwrite": false,
        "html": false,
        "json": true,
        "charts": true
      },
      "version": "5.1.0"
    }
  }
}